<?xml version="1.0" encoding="UTF-8"?>
<!-- Generated by org.testng.reporters.JUnitXMLReporter -->
<testsuite ignored="0" hostname="LTPBAN252448707" failures="2" tests="3" name="BingSearchTest" time="6.658" errors="0" timestamp="2024-02-02T10:04:29 PST">
  <testcase classname="common.search.engine.SearchTests" name="testSearch" time="1.493"/>
  <testcase classname="common.search.engine.SearchTests" name="testSearch" time="1.077">
    <failure type="java.lang.AssertionError" message="expected [true] but found [false]">
      <![CDATA[java.lang.AssertionError: expected [true] but found [false]
at common.search.engine.SearchTests.testSearch(SearchTests.java:54)
at java.base/java.util.ArrayList.forEach(ArrayList.java:1541)
... Removed 31 stack frames]]>
    </failure>
  </testcase> <!-- testSearch -->
  <testcase classname="common.search.engine.SearchTests" name="testSearch" time="1.573">
    <failure type="java.lang.AssertionError" message="expected [true] but found [false]">
      <![CDATA[java.lang.AssertionError: expected [true] but found [false]
at common.search.engine.SearchTests.testSearch(SearchTests.java:54)
at java.base/java.util.ArrayList.forEach(ArrayList.java:1541)
... Removed 31 stack frames]]>
    </failure>
  </testcase> <!-- testSearch -->
</testsuite> <!-- BingSearchTest -->
