<?xml version="1.0" encoding="UTF-8"?>
<!-- Generated by org.testng.reporters.JUnitXMLReporter -->
<testsuite ignored="0" hostname="LTPBAN252448707" failures="1" tests="3" name="GoogleSearchTest" time="12.257" errors="0" timestamp="2024-02-02T10:04:22 PST">
  <testcase classname="common.search.engine.SearchTests" name="testSearch" time="2.36"/>
  <testcase classname="common.search.engine.SearchTests" name="testSearch" time="3.83"/>
  <testcase classname="common.search.engine.SearchTests" name="testSearch" time="1.776">
    <failure type="java.lang.AssertionError" message="expected [true] but found [false]">
      <![CDATA[java.lang.AssertionError: expected [true] but found [false]
at common.search.engine.SearchTests.testSearch(SearchTests.java:54)
at java.base/java.util.ArrayList.forEach(ArrayList.java:1541)
... Removed 31 stack frames]]>
    </failure>
  </testcase> <!-- testSearch -->
</testsuite> <!-- GoogleSearchTest -->
