<?xml version="1.0" encoding="UTF-8"?>
<!-- Generated by org.testng.reporters.JUnitXMLReporter -->
<testsuite ignored="0" hostname="LTPBAN252448707" failures="3" tests="3" name="YahooSearchTest" time="9.43" errors="0" timestamp="2024-02-02T10:04:38 PST">
  <testcase classname="common.search.engine.SearchTests" name="testSearch" time="2.989">
    <failure type="java.lang.AssertionError" message="expected [true] but found [false]">
      <![CDATA[java.lang.AssertionError: expected [true] but found [false]
at common.search.engine.SearchTests.testSearch(SearchTests.java:54)
at java.base/java.util.ArrayList.forEach(ArrayList.java:1541)
... Removed 31 stack frames]]>
    </failure>
  </testcase> <!-- testSearch -->
  <testcase classname="common.search.engine.SearchTests" name="testSearch" time="1.327">
    <failure type="java.lang.AssertionError" message="expected [true] but found [false]">
      <![CDATA[java.lang.AssertionError: expected [true] but found [false]
at common.search.engine.SearchTests.testSearch(SearchTests.java:54)
at java.base/java.util.ArrayList.forEach(ArrayList.java:1541)
... Removed 31 stack frames]]>
    </failure>
  </testcase> <!-- testSearch -->
  <testcase classname="common.search.engine.SearchTests" name="testSearch" time="1.193">
    <failure type="java.lang.AssertionError" message="expected [true] but found [false]">
      <![CDATA[java.lang.AssertionError: expected [true] but found [false]
at common.search.engine.SearchTests.testSearch(SearchTests.java:54)
at java.base/java.util.ArrayList.forEach(ArrayList.java:1541)
... Removed 31 stack frames]]>
    </failure>
  </testcase> <!-- testSearch -->
</testsuite> <!-- YahooSearchTest -->
